[14:34:20] [main/INFO]: Loading Minecraft 1.21.1 with Fabric Loader 0.16.5
[14:34:20] [main/INFO]: Fabric is preparing JARs on first launch, this may take a few seconds...
[14:34:20] [ForkJoinPool-1-worker-32/WARN]: The mod "tcdcommons" contains invalid entries in its mod json:
- Unsupported root entry "" at line 27 column 4
- Unsupported root entry "" at line 27 column 198
- Unsupported root entry "" at line 29 column 4
- Unsupported root entry "" at line 29 column 24
[14:34:20] [ForkJoinPool-1-worker-6/WARN]: The mod "betterstats" contains invalid entries in its mod json:
- Unsupported root entry "" at line 26 column 4
- Unsupported root entry "" at line 26 column 124
- Unsupported root entry "" at line 28 column 4
- Unsupported root entry "" at line 28 column 24
[14:34:20] [main/WARN]: Mod resolution failed
[14:34:20] [main/INFO]: Immediate reason: [HARD_DEP_NO_CANDIDATE nvidium 0.3.1 {depends sodium @ [=0.5.9 || =0.5.11]}, ROOT_FORCELOAD_SINGLE nvidium 0.3.1]
[14:34:20] [main/INFO]: Reason: [HARD_DEP nvidium 0.3.1 {depends sodium @ [=0.5.9 || =0.5.11]}]
[14:34:20] [main/INFO]: Fix: add [], remove [], replace [[nvidium 0.3.1] -> add:nvidium 1 ([(-∞,∞)])]
[14:34:20] [main/ERROR]: Incompatible mods found!
net.fabricmc.loader.impl.FormattedException: Some of your mods are incompatible with the game or each other!
A potential solution has been determined, this may resolve your problem:
	 - Replace mod 'Nvidium' (nvidium) 0.3.1 with any version that is compatible with:
		 - sodium 0.6.0-beta.1+mc1.21
More details:
	 - Mod 'Nvidium' (nvidium) 0.3.1 requires version 0.5.9 or version 0.5.11 of mod 'Sodium' (sodium), but only the wrong version is present: 0.6.0-beta.1+mc1.21!
	at net.fabricmc.loader.impl.FormattedException.ofLocalized(FormattedException.java:51) ~[fabric-loader-0.16.5.jar:?]
	at net.fabricmc.loader.impl.FabricLoaderImpl.load(FabricLoaderImpl.java:196) ~[fabric-loader-0.16.5.jar:?]
	at net.fabricmc.loader.impl.launch.knot.Knot.init(Knot.java:146) ~[fabric-loader-0.16.5.jar:?]
	at net.fabricmc.loader.impl.launch.knot.Knot.launch(Knot.java:68) [fabric-loader-0.16.5.jar:?]
	at net.fabricmc.loader.impl.launch.knot.KnotClient.main(KnotClient.java:23) [fabric-loader-0.16.5.jar:?]
